#
# A fatal error has been detected by the Java Runtime Environment:
#
#  EXCEPTION_ACCESS_VIOLATION (0xc0000005) at pc=0x00007ff94dcb0103, pid=18220, tid=14388
#
# JRE version: OpenJDK Runtime Environment (11.0.8+10) (build 11.0.8+10-b944.6842174)
# Java VM: OpenJDK 64-Bit Server VM (11.0.8+10-b944.6842174, mixed mode, tiered, compressed oops, g1 gc, windows-amd64)
# Problematic frame:
# V  [jvm.dll+0x370103]
#
# No core dump will be written. Minidumps are not enabled by default on client versions of Windows
#
# If you would like to submit a bug report, please visit:
#   https://bugreport.java.com/bugreport/crash.jsp
#

---------------  S U M M A R Y ------------

Command Line: --add-opens=java.base/java.util=ALL-UNNAMED --add-opens=java.base/java.lang=ALL-UNNAMED --add-opens=java.base/java.lang.invoke=ALL-UNNAMED --add-opens=java.prefs/java.util.prefs=ALL-UNNAMED -Xmx2048m -Dfile.encoding=UTF-8 -Duser.country=KR -Duser.language=ko -Duser.variant org.gradle.launcher.daemon.bootstrap.GradleDaemon 6.7.1

Host: Intel(R) Core(TM) i5-10210U CPU @ 1.60GHz, 8 cores, 7G,  Windows 10 , 64 bit Build 19041 (10.0.19041.1023)
Time: Thu Jul 29 17:01:17 2021 대한민국 표준시 elapsed time: 2664 seconds (0d 0h 44m 24s)

---------------  T H R E A D  ---------------

Current thread (0x0000026b68357000):  JavaThread "jar transforms Thread 791" [_thread_in_vm, id=14388, stack(0x000000869cd00000,0x000000869ce00000)]

Stack: [0x000000869cd00000,0x000000869ce00000],  sp=0x000000869cdff2f0,  free space=1020k
Native frames: (J=compiled Java code, j=interpreted, Vv=VM code, C=native code)
V  [jvm.dll+0x370103]
V  [jvm.dll+0x5de432]
V  [jvm.dll+0x370aba]
V  [jvm.dll+0x370d47]
V  [jvm.dll+0x3e002d]
V  [jvm.dll+0x6dad3f]
V  [jvm.dll+0x6d3895]
